<testsuites name="jest tests">
  <testsuite name="PaisesService E2E" errors="0" failures="0" skipped="0" timestamp="2018-01-31T14:06:29" time="17.563" tests="4">
    <testcase classname="PaisesService E2E should be instantiated correctly" name="PaisesService E2E should be instantiated correctly" time="0.084">
    </testcase>
    <testcase classname="PaisesService E2E run #getHistorico correctly" name="PaisesService E2E run #getHistorico correctly" time="0.494">
    </testcase>
    <testcase classname="PaisesService E2E run #getSintese correctly" name="PaisesService E2E run #getSintese correctly" time="0.211">
    </testcase>
    <testcase classname="PaisesService E2E run #getTodosDados correctly" name="PaisesService E2E run #getTodosDados correctly" time="0.475">
    </testcase>
  </testsuite>
</testsuites>