<testsuites name="jest tests">
  <testsuite name="PaisesService E2E" errors="0" failures="0" skipped="0" timestamp="2018-01-30T16:47:14" time="2.038" tests="4">
    <testcase classname="PaisesService E2E should be instantiated correctly" name="PaisesService E2E should be instantiated correctly" time="0.057">
    </testcase>
    <testcase classname="PaisesService E2E run #getHistorico correctly" name="PaisesService E2E run #getHistorico correctly" time="0.166">
    </testcase>
    <testcase classname="PaisesService E2E run #getSintese correctly" name="PaisesService E2E run #getSintese correctly" time="0.074">
    </testcase>
    <testcase classname="PaisesService E2E run #getTodosDados correctly" name="PaisesService E2E run #getTodosDados correctly" time="0.098">
    </testcase>
  </testsuite>
</testsuites>