<testsuites name="jest tests">
  <testsuite name="PaisesService E2E" errors="0" failures="0" skipped="0" timestamp="2018-01-29T20:16:18" time="0.567" tests="4">
    <testcase classname="PaisesService E2E should be instantiated correctly" name="PaisesService E2E should be instantiated correctly" time="0.03">
    </testcase>
    <testcase classname="PaisesService E2E run #getHistorico correctly" name="PaisesService E2E run #getHistorico correctly" time="0.047">
    </testcase>
    <testcase classname="PaisesService E2E run #getSintese correctly" name="PaisesService E2E run #getSintese correctly" time="0.052">
    </testcase>
    <testcase classname="PaisesService E2E run #getTodosDados correctly" name="PaisesService E2E run #getTodosDados correctly" time="0.146">
    </testcase>
  </testsuite>
</testsuites>