<testsuites name="jest tests">
  <testsuite name="PaisesService E2E" errors="0" failures="0" skipped="0" timestamp="2018-02-01T18:52:14" time="9.86" tests="4">
    <testcase classname="PaisesService E2E should be instantiated correctly" name="PaisesService E2E should be instantiated correctly" time="0.104">
    </testcase>
    <testcase classname="PaisesService E2E run #getHistorico correctly" name="PaisesService E2E run #getHistorico correctly" time="0.268">
    </testcase>
    <testcase classname="PaisesService E2E run #getSintese correctly" name="PaisesService E2E run #getSintese correctly" time="0.064">
    </testcase>
    <testcase classname="PaisesService E2E run #getTodosDados correctly" name="PaisesService E2E run #getTodosDados correctly" time="0.067">
    </testcase>
  </testsuite>
</testsuites>